0 info it worked if it ends with ok
1 verbose cli [ '/usr/local/Cellar/node/7.4.0/bin/node',
1 verbose cli   '/usr/local/lib/node_modules/npm/bin/npm-cli.js',
1 verbose cli   'run-script',
1 verbose cli   'test-debug' ]
2 info using npm@4.0.5
3 info using node@v7.4.0
4 verbose run-script [ 'pretest-debug', 'test-debug', 'posttest-debug' ]
5 info lifecycle react-time-tracker@1.0.0~pretest-debug: react-time-tracker@1.0.0
6 silly lifecycle react-time-tracker@1.0.0~pretest-debug: no script for pretest-debug, continuing
7 info lifecycle react-time-tracker@1.0.0~test-debug: react-time-tracker@1.0.0
8 verbose lifecycle react-time-tracker@1.0.0~test-debug: unsafe-perm in lifecycle true
9 verbose lifecycle react-time-tracker@1.0.0~test-debug: PATH: /usr/local/lib/node_modules/npm/bin/node-gyp-bin:/Users/hschaeidt/Projects/udemy/react/timer-app/node_modules/.bin:/Users/hschaeidt/.node_modules/bin:/usr/local/bin:/usr/bin:/bin:/usr/sbin:/sbin:/usr/local/MacGPG2/bin:/Applications/Wireshark.app/Contents/MacOS:/Users/hschaeidt/.node_modules/bin:/Users/hschaeidt/Library/Android/sdk/tools:/Users/hschaeidt/Library/Android/sdk/platform-tools:/usr/local/opt/go/libexec/bin
10 verbose lifecycle react-time-tracker@1.0.0~test-debug: CWD: /Users/hschaeidt/Projects/udemy/react/timer-app
11 silly lifecycle react-time-tracker@1.0.0~test-debug: Args: [ '-c',
11 silly lifecycle   'NODE_ENV=test node $NODE_DEBUG_OPTION --inspect ./node_modules/.bin/jest --runInBand' ]
12 silly lifecycle react-time-tracker@1.0.0~test-debug: Returned: code: 1  signal: null
13 info lifecycle react-time-tracker@1.0.0~test-debug: Failed to exec test-debug script
14 verbose stack Error: react-time-tracker@1.0.0 test-debug: `NODE_ENV=test node $NODE_DEBUG_OPTION --inspect ./node_modules/.bin/jest --runInBand`
14 verbose stack Exit status 1
14 verbose stack     at EventEmitter.<anonymous> (/usr/local/lib/node_modules/npm/lib/utils/lifecycle.js:279:16)
14 verbose stack     at emitTwo (events.js:106:13)
14 verbose stack     at EventEmitter.emit (events.js:191:7)
14 verbose stack     at ChildProcess.<anonymous> (/usr/local/lib/node_modules/npm/lib/utils/spawn.js:40:14)
14 verbose stack     at emitTwo (events.js:106:13)
14 verbose stack     at ChildProcess.emit (events.js:191:7)
14 verbose stack     at maybeClose (internal/child_process.js:885:16)
14 verbose stack     at Process.ChildProcess._handle.onexit (internal/child_process.js:226:5)
15 verbose pkgid react-time-tracker@1.0.0
16 verbose cwd /Users/hschaeidt/Projects/udemy/react/timer-app
17 error Darwin 15.6.0
18 error argv "/usr/local/Cellar/node/7.4.0/bin/node" "/usr/local/lib/node_modules/npm/bin/npm-cli.js" "run-script" "test-debug"
19 error node v7.4.0
20 error npm  v4.0.5
21 error code ELIFECYCLE
22 error react-time-tracker@1.0.0 test-debug: `NODE_ENV=test node $NODE_DEBUG_OPTION --inspect ./node_modules/.bin/jest --runInBand`
22 error Exit status 1
23 error Failed at the react-time-tracker@1.0.0 test-debug script 'NODE_ENV=test node $NODE_DEBUG_OPTION --inspect ./node_modules/.bin/jest --runInBand'.
23 error Make sure you have the latest version of node.js and npm installed.
23 error If you do, this is most likely a problem with the react-time-tracker package,
23 error not with npm itself.
23 error Tell the author that this fails on your system:
23 error     NODE_ENV=test node $NODE_DEBUG_OPTION --inspect ./node_modules/.bin/jest --runInBand
23 error You can get information on how to open an issue for this project with:
23 error     npm bugs react-time-tracker
23 error Or if that isn't available, you can get their info via:
23 error     npm owner ls react-time-tracker
23 error There is likely additional logging output above.
24 verbose exit [ 1, true ]
